<?xml version="1.0" encoding="UTF-8" ?>
<testsuites>
  <testsuite failures="0" hostname="ibm-prinkalgautam" id="0" name="QuickGuide1/tests" package="" skipped="0" tests="1" time="0.067" timestamp="Mon Jul 10 15:36:04 IST 2023">
	    <properties>
		      <property name="excludeCallableTestCases" value="true" />

		      <property name="testEnvironment" value="" />

		      <property name="pluginOutputLevel" value="WARNING" />

		      <property name="projectPath" value=".." />

		      <property name="salesforceMetadataCache" value="Reload" />

		      <property name="resultsPathDisposition" value="Increment" />

		      <property name="testOutputLevel" value="INFO" />

		      <property name="webBrowserType" value="Chrome" />

		      <property name="resultsPath" value="../ANT/Results" />

		      <property name="webBrowserConfiguration" value="Full Screen" />

		      <property name="projectCachePath" value="C:\Users\prinkal.gautam\Provar\QuickGuide\QuickGuide1\ANT\..\..\.provarCaches" />

	    </properties>

	    <testcase classname="tests/UOP\GitDemo.testcase" name="GitDemo.testcase" time="0.065">
	</testcase>

  </testsuite>
</testsuites>
